<?xml version="1.0" encoding="UTF-8"?>
<coverage generated="1723467717821" clover="3.2.0">
  <project timestamp="1723467717821" name="All files">
    <metrics statements="17" coveredstatements="17" conditionals="4" coveredconditionals="4" methods="3" coveredmethods="3" elements="24" coveredelements="24" complexity="0" loc="17" ncloc="17" packages="1" files="1" classes="1"/>
    <file name="urlShortner.js" path="/Users/temitope/Desktop/URL-SHORTNER/server-app/dist/tests/urlShortner.js">
      <metrics statements="17" coveredstatements="17" conditionals="4" coveredconditionals="4" methods="3" coveredmethods="3"/>
      <line num="1" count="1" type="stmt"/>
      <line num="2" count="1" type="stmt"/>
      <line num="3" count="1" type="stmt"/>
      <line num="4" count="1" type="stmt"/>
      <line num="5" count="1" type="cond" truecount="1" falsecount="0"/>
      <line num="6" count="5" type="stmt"/>
      <line num="7" count="5" type="stmt"/>
      <line num="8" count="1" type="cond" truecount="1" falsecount="0"/>
      <line num="9" count="8" type="stmt"/>
      <line num="10" count="8" type="stmt"/>
      <line num="11" count="8" type="stmt"/>
      <line num="12" count="8" type="stmt"/>
      <line num="13" count="1" type="cond" truecount="1" falsecount="0"/>
      <line num="14" count="5" type="cond" truecount="1" falsecount="0"/>
      <line num="15" count="5" type="stmt"/>
      <line num="16" count="1" type="stmt"/>
      <line num="17" count="1" type="stmt"/>
    </file>
  </project>
</coverage>
